*----------------------------------------------------------------------------------------
*	Innovus 19.17-s077_1 (64bit) 12/01/2020 11:09 (Linux 2.6.32-431.11.2.el6.x86_64)
*	
*
* 	Date & Time:	2023-Mar-20 20:15:28 (2023-Mar-21 03:15:28 GMT)
*
*----------------------------------------------------------------------------------------
*
*	Design: top
*
*	Liberty Libraries used: 
*	        WC_VIEW: /home/linux/ieng6/ee260bwi23/public/PDKdata/lib/tcbn65gpluswc.lib
*
*	Power Domain used: 
*              Rail:        VDD      Voltage:        0.9 
*
*       Power View : WC_VIEW
*
*       User-Defined Activity : N.A.
*
*       Activity File: N.A.
*
*       Hierarchical Global Activity: N.A.
*
*       Global Activity: N.A.
*
*       Sequential Element Activity: 0.200000
*
*       Primary Input Activity: 0.200000
*
*       Default icg ratio: N.A.
*
*       Global Comb ClockGate Ratio: N.A.
*
*	Power Units = 1mW
*
*	Time Units = 1e-09 secs 
*
*       report_power -outfile top.post_route.power.rpt
*
-----------------------------------------------------------------------------------------


Total Power 
-----------------------------------------------------------------------------------------
Total Internal Power:        4.51152684 	   73.3458%
Total Switching Power:       1.57173316 	   25.5523%
Total Leakage Power:         0.06777264 	    1.1018%
Total Power:                 6.15103265 
-----------------------------------------------------------------------------------------


Group                           Internal   Switching     Leakage       Total  Percentage 
                                Power      Power         Power         Power  (%)        
-----------------------------------------------------------------------------------------
Sequential                         3.345      0.1593     0.02431       3.528       57.36 
Macro                                  0           0           0           0           0 
IO                                     0           0   3.737e-06   3.737e-06   6.075e-05 
Combinational                     0.8988      0.8766     0.04167       1.817       29.54 
Clock (Combinational)             0.2681      0.5359    0.001782      0.8058        13.1 
Clock (Sequential)                     0           0           0           0           0 
-----------------------------------------------------------------------------------------
Total                              4.512       1.572     0.06777       6.151         100 
-----------------------------------------------------------------------------------------


Rail                  Voltage   Internal   Switching     Leakage       Total  Percentage 
                                Power      Power         Power         Power  (%)        
-----------------------------------------------------------------------------------------
VDD                       0.9      4.512       1.572     0.06777       6.151         100 


Clock                           Internal   Switching     Leakage       Total  Percentage 
                                Power      Power         Power         Power  (%)        
-----------------------------------------------------------------------------------------
clk                               0.2681      0.5359    0.001782      0.8058        13.1 
-----------------------------------------------------------------------------------------
Total (excluding duplicates)      0.2681      0.5359    0.001782      0.8058        13.1 
-----------------------------------------------------------------------------------------
Clock: clk
Clock Period: 0.001000 usec 
Clock Toggle Rate:  2000.0000 Mhz 
Clock Static Probability:  0.5000



-----------------------------------------------------------------------------------------
*	Power Distribution Summary: 
*                Highest Average Power:   MLP/CTS_ccl_a_buf_00013 (CKBD16):           0.1396 
*                Highest Leakage Power:          FE_USKC249_CTS_4 (CKBD16):        0.0002228 
*          Total Cap:      1.22347e-11 F
*          Total instances in design:  2783
*          Total instances in design with no power:     0
*          Total instances in design with no activity:     0
*          Total Fillers and Decap:     0
-----------------------------------------------------------------------------------------

