###############################################################
#  Generated by:      Cadence Innovus 19.17-s077_1
#  OS:                Linux x86_64(Host ID ieng6-ece-03.ucsd.edu)
#  Generated on:      Mon Mar 20 20:15:28 2023
#  Design:            top
#  Command:           report_timing -max_paths 5 > ${design}.post_route.timing.rpt
###############################################################
Path 1: MET Setup Check with Pin MLP/fc1_pol_mul_reg_0__2__2_/CP 
Endpoint:   MLP/fc1_pol_mul_reg_0__2__2_/D (^) checked with  leading edge of 
'clk'
Beginpoint: MLP/n_beats_reg_0_/Q           (^) triggered by  leading edge of 
'clk'
Path Groups: {clk}
Analysis View: WC_VIEW
Other End Arrival Time          0.074
- Setup                         0.014
+ Phase Shift                   1.000
+ CPPR Adjustment               0.000
= Required Time                 1.061
- Arrival Time                  1.057
= Slack Time                    0.003
     Clock Rise Edge                 0.000
     + Clock Network Latency (Prop)  0.074
     = Beginpoint Arrival Time       0.074
     +------------------------------------------------------------------------------------+ 
     |           Instance           |     Arc      |  Cell   | Delay | Arrival | Required | 
     |                              |              |         |       |  Time   |   Time   | 
     |------------------------------+--------------+---------+-------+---------+----------| 
     | MLP/n_beats_reg_0_           | CP ^         |         |       |   0.074 |    0.078 | 
     | MLP/n_beats_reg_0_           | CP ^ -> Q ^  | DFD4    | 0.184 |   0.258 |    0.262 | 
     | MLP/U15                      | A2 ^ -> ZN v | CKND2D3 | 0.053 |   0.311 |    0.314 | 
     | MLP/U1018                    | A1 v -> ZN ^ | NR2D3   | 0.064 |   0.375 |    0.378 | 
     | MLP/U186                     | A1 ^ -> ZN v | ND2D1   | 0.092 |   0.467 |    0.470 | 
     | MLP/U71                      | A2 v -> ZN ^ | CKND2D2 | 0.069 |   0.536 |    0.540 | 
     | MLP/FE_OCPC244_n1107         | I ^ -> Z ^   | BUFFD2  | 0.073 |   0.609 |    0.613 | 
     | MLP/U317                     | A1 ^ -> ZN v | NR2XD0  | 0.066 |   0.676 |    0.679 | 
     | MLP/FE_RC_48_0               | B1 v -> ZN ^ | IND3D1  | 0.049 |   0.724 |    0.728 | 
     | MLP/U981                     | A2 ^ -> ZN v | NR2D2   | 0.027 |   0.752 |    0.755 | 
     | MLP/U468                     | A1 v -> ZN ^ | NR2XD0  | 0.065 |   0.817 |    0.820 | 
     | MLP/U472                     | A1 ^ -> ZN v | ND2D1   | 0.071 |   0.888 |    0.891 | 
     | MLP/U473                     | A1 v -> ZN ^ | ND2D1   | 0.040 |   0.928 |    0.931 | 
     | MLP/U868                     | B ^ -> ZN v  | OAI21D1 | 0.043 |   0.971 |    0.974 | 
     | MLP/U1441                    | A1 v -> Z ^  | XOR2D0  | 0.086 |   1.057 |    1.061 | 
     | MLP/fc1_pol_mul_reg_0__2__2_ | D ^          | DFQD1   | 0.000 |   1.057 |    1.061 | 
     +------------------------------------------------------------------------------------+ 
Path 2: MET Setup Check with Pin MLP/fc1_pol_mul_reg_1__6__2_/CP 
Endpoint:   MLP/fc1_pol_mul_reg_1__6__2_/D (^) checked with  leading edge of 
'clk'
Beginpoint: MLP/n_beats_reg_0_/QN          (v) triggered by  leading edge of 
'clk'
Path Groups: {clk}
Analysis View: WC_VIEW
Other End Arrival Time          0.111
- Setup                         0.016
+ Phase Shift                   1.000
+ CPPR Adjustment               0.000
= Required Time                 1.096
- Arrival Time                  1.091
= Slack Time                    0.005
     Clock Rise Edge                 0.000
     + Clock Network Latency (Prop)  0.074
     = Beginpoint Arrival Time       0.074
     +------------------------------------------------------------------------------------+ 
     |           Instance           |     Arc      |  Cell   | Delay | Arrival | Required | 
     |                              |              |         |       |  Time   |   Time   | 
     |------------------------------+--------------+---------+-------+---------+----------| 
     | MLP/n_beats_reg_0_           | CP ^         |         |       |   0.074 |    0.079 | 
     | MLP/n_beats_reg_0_           | CP ^ -> QN v | DFD4    | 0.190 |   0.265 |    0.270 | 
     | MLP/U89                      | A1 v -> ZN ^ | ND2D1   | 0.042 |   0.306 |    0.311 | 
     | MLP/U1012                    | A1 ^ -> ZN v | NR2D3   | 0.035 |   0.341 |    0.346 | 
     | MLP/U1017                    | A1 v -> ZN ^ | CKND2D3 | 0.065 |   0.406 |    0.411 | 
     | MLP/U19                      | A1 ^ -> ZN v | CKND2D3 | 0.052 |   0.458 |    0.463 | 
     | MLP/U1283                    | A1 v -> ZN ^ | NR2D1   | 0.044 |   0.501 |    0.506 | 
     | MLP/FE_OFC15_n1337           | I ^ -> Z ^   | CKBD3   | 0.084 |   0.586 |    0.591 | 
     | MLP/FE_OFC16_n1337_dup       | I ^ -> ZN v  | INVD1   | 0.041 |   0.627 |    0.632 | 
     | MLP/U1339                    | A3 v -> ZN ^ | NR3D0   | 0.068 |   0.695 |    0.700 | 
     | MLP/U613                     | A1 ^ -> ZN v | ND4D1   | 0.093 |   0.788 |    0.793 | 
     | MLP/U246                     | A1 v -> ZN ^ | CKND2D0 | 0.077 |   0.865 |    0.870 | 
     | MLP/U23                      | A2 ^ -> ZN v | NR2D1   | 0.045 |   0.910 |    0.915 | 
     | MLP/U17                      | A1 v -> ZN ^ | NR2D1   | 0.054 |   0.965 |    0.969 | 
     | MLP/U977                     | B ^ -> ZN v  | AOI21D1 | 0.035 |   0.999 |    1.004 | 
     | MLP/U1468                    | A1 v -> Z ^  | XOR2D0  | 0.091 |   1.091 |    1.096 | 
     | MLP/fc1_pol_mul_reg_1__6__2_ | D ^          | DFQD1   | 0.000 |   1.091 |    1.096 | 
     +------------------------------------------------------------------------------------+ 
Path 3: MET Setup Check with Pin MLP/fc1_pol_mul_reg_0__6__2_/CP 
Endpoint:   MLP/fc1_pol_mul_reg_0__6__2_/D (v) checked with  leading edge of 
'clk'
Beginpoint: MLP/n_beats_reg_1_/QN          (v) triggered by  leading edge of 
'clk'
Path Groups: {clk}
Analysis View: WC_VIEW
Other End Arrival Time          0.111
- Setup                        -0.003
+ Phase Shift                   1.000
+ CPPR Adjustment               0.000
= Required Time                 1.114
- Arrival Time                  1.109
= Slack Time                    0.005
     Clock Rise Edge                 0.000
     + Clock Network Latency (Prop)  0.074
     = Beginpoint Arrival Time       0.074
     +------------------------------------------------------------------------------------+ 
     |           Instance           |     Arc      |  Cell   | Delay | Arrival | Required | 
     |                              |              |         |       |  Time   |   Time   | 
     |------------------------------+--------------+---------+-------+---------+----------| 
     | MLP/n_beats_reg_1_           | CP ^         |         |       |   0.074 |    0.079 | 
     | MLP/n_beats_reg_1_           | CP ^ -> QN v | DFD4    | 0.200 |   0.274 |    0.280 | 
     | MLP/U571                     | A1 v -> ZN ^ | ND2D1   | 0.049 |   0.324 |    0.329 | 
     | MLP/U531                     | A1 ^ -> ZN v | NR2D1   | 0.033 |   0.356 |    0.362 | 
     | MLP/FE_OFC120_n545           | I v -> ZN ^  | CKND2   | 0.045 |   0.401 |    0.406 | 
     | MLP/FE_OFC122_n545           | I ^ -> ZN v  | INVD1   | 0.054 |   0.455 |    0.460 | 
     | MLP/U546                     | A2 v -> ZN ^ | NR2XD0  | 0.109 |   0.564 |    0.570 | 
     | MLP/U958                     | A2 ^ -> ZN v | ND4D1   | 0.094 |   0.658 |    0.663 | 
     | MLP/FE_RC_94_0               | A3 v -> ZN ^ | NR4D1   | 0.160 |   0.819 |    0.824 | 
     | MLP/U404                     | A1 ^ -> ZN v | NR2D1   | 0.058 |   0.877 |    0.882 | 
     | MLP/U1393                    | A2 v -> ZN ^ | ND2D1   | 0.050 |   0.927 |    0.932 | 
     | MLP/U1461                    | A1 ^ -> ZN v | CKND2D1 | 0.035 |   0.962 |    0.967 | 
     | MLP/U782                     | B v -> ZN ^  | OAI21D1 | 0.035 |   0.997 |    1.003 | 
     | MLP/U1464                    | A1 ^ -> Z v  | XOR2D0  | 0.111 |   1.109 |    1.114 | 
     | MLP/fc1_pol_mul_reg_0__6__2_ | D v          | DFQD1   | 0.000 |   1.109 |    1.114 | 
     +------------------------------------------------------------------------------------+ 
Path 4: MET Setup Check with Pin MLP/fc1_pol_mul_reg_0__9__2_/CP 
Endpoint:   MLP/fc1_pol_mul_reg_0__9__2_/D (v) checked with  leading edge of 
'clk'
Beginpoint: MLP/n_beats_reg_1_/QN          (v) triggered by  leading edge of 
'clk'
Path Groups: {clk}
Analysis View: WC_VIEW
Other End Arrival Time          0.072
- Setup                        -0.003
+ Phase Shift                   1.000
+ CPPR Adjustment               0.000
= Required Time                 1.075
- Arrival Time                  1.069
= Slack Time                    0.006
     Clock Rise Edge                 0.000
     + Clock Network Latency (Prop)  0.074
     = Beginpoint Arrival Time       0.074
     +------------------------------------------------------------------------------------+ 
     |           Instance           |     Arc      |  Cell   | Delay | Arrival | Required | 
     |                              |              |         |       |  Time   |   Time   | 
     |------------------------------+--------------+---------+-------+---------+----------| 
     | MLP/n_beats_reg_1_           | CP ^         |         |       |   0.074 |    0.081 | 
     | MLP/n_beats_reg_1_           | CP ^ -> QN v | DFD4    | 0.200 |   0.274 |    0.281 | 
     | MLP/U90                      | A1 v -> ZN ^ | ND2D2   | 0.025 |   0.299 |    0.305 | 
     | MLP/FE_OFC199_n473           | I ^ -> ZN v  | INVD2   | 0.036 |   0.335 |    0.341 | 
     | MLP/FE_OFC200_n473           | I v -> ZN ^  | INVD2   | 0.034 |   0.369 |    0.375 | 
     | MLP/U316                     | A2 ^ -> ZN v | NR2XD0  | 0.041 |   0.410 |    0.416 | 
     | MLP/FE_OFC137_n863           | I v -> ZN ^  | CKND2   | 0.039 |   0.448 |    0.455 | 
     | MLP/U1003                    | A2 ^ -> ZN v | CKND2D2 | 0.034 |   0.482 |    0.489 | 
     | MLP/U226                     | A2 v -> ZN ^ | NR2XD2  | 0.079 |   0.562 |    0.568 | 
     | MLP/FE_OFC115_n536           | I ^ -> ZN v  | INVD1   | 0.035 |   0.597 |    0.603 | 
     | MLP/FE_RC_76_0               | A2 v -> ZN ^ | NR2D1   | 0.044 |   0.641 |    0.648 | 
     | MLP/FE_RC_75_0               | A1 ^ -> ZN ^ | INR3D1  | 0.108 |   0.750 |    0.756 | 
     | MLP/U369                     | A1 ^ -> ZN v | NR2D1   | 0.041 |   0.791 |    0.798 | 
     | MLP/U371                     | A1 v -> ZN ^ | NR2XD1  | 0.041 |   0.832 |    0.839 | 
     | MLP/U952                     | A1 ^ -> ZN v | NR2D1   | 0.027 |   0.860 |    0.866 | 
     | MLP/U722                     | B v -> ZN ^  | AOI21D0 | 0.091 |   0.950 |    0.957 | 
     | MLP/U1485                    | A1 ^ -> Z v  | XOR2D0  | 0.119 |   1.069 |    1.075 | 
     | MLP/fc1_pol_mul_reg_0__9__2_ | D v          | DFQD1   | 0.000 |   1.069 |    1.075 | 
     +------------------------------------------------------------------------------------+ 
Path 5: MET Setup Check with Pin MLP/fc1_pol_mul_reg_1__2__2_/CP 
Endpoint:   MLP/fc1_pol_mul_reg_1__2__2_/D (^) checked with  leading edge of 
'clk'
Beginpoint: MLP/n_beats_reg_0_/QN          (^) triggered by  leading edge of 
'clk'
Path Groups: {clk}
Analysis View: WC_VIEW
Other End Arrival Time          0.074
- Setup                         0.020
+ Phase Shift                   1.000
+ CPPR Adjustment               0.000
= Required Time                 1.055
- Arrival Time                  1.047
= Slack Time                    0.007
     Clock Rise Edge                 0.000
     + Clock Network Latency (Prop)  0.074
     = Beginpoint Arrival Time       0.074
     +-------------------------------------------------------------------------------------+ 
     |           Instance           |     Arc      |   Cell   | Delay | Arrival | Required | 
     |                              |              |          |       |  Time   |   Time   | 
     |------------------------------+--------------+----------+-------+---------+----------| 
     | MLP/n_beats_reg_0_           | CP ^         |          |       |   0.074 |    0.082 | 
     | MLP/n_beats_reg_0_           | CP ^ -> QN ^ | DFD4     | 0.187 |   0.262 |    0.269 | 
     | MLP/U89                      | A1 ^ -> ZN v | ND2D1    | 0.053 |   0.315 |    0.322 | 
     | MLP/U1012                    | A1 v -> ZN ^ | NR2D3    | 0.069 |   0.384 |    0.391 | 
     | MLP/U208                     | A1 ^ -> ZN v | ND2D1    | 0.072 |   0.456 |    0.464 | 
     | MLP/FE_OFC201_n900           | I v -> ZN ^  | INVD2    | 0.072 |   0.528 |    0.536 | 
     | MLP/FE_OFC180_n900           | I ^ -> ZN v  | CKND1    | 0.033 |   0.562 |    0.569 | 
     | MLP/U199                     | A2 v -> ZN ^ | CKND2D0  | 0.064 |   0.626 |    0.633 | 
     | MLP/U203                     | A1 ^ -> ZN v | NR2D1    | 0.041 |   0.667 |    0.675 | 
     | MLP/U547                     | I v -> ZN ^  | INVD0    | 0.051 |   0.719 |    0.726 | 
     | MLP/U306                     | A2 ^ -> ZN v | NR2XD0   | 0.053 |   0.772 |    0.779 | 
     | MLP/U467                     | A1 v -> ZN ^ | NR2D0    | 0.116 |   0.888 |    0.895 | 
     | MLP/U466                     | A2 ^ -> ZN v | NR2D1    | 0.042 |   0.930 |    0.937 | 
     | MLP/FE_RC_145_0              | I v -> ZN ^  | INVD1    | 0.029 |   0.959 |    0.966 | 
     | MLP/FE_RC_144_0              | A1 ^ -> ZN v | ND2D1    | 0.036 |   0.995 |    1.003 | 
     | MLP/FE_RC_143_0              | A1 v -> ZN ^ | MOAI22D1 | 0.052 |   1.047 |    1.055 | 
     | MLP/fc1_pol_mul_reg_1__2__2_ | D ^          | DFQD1    | 0.000 |   1.047 |    1.055 | 
     +-------------------------------------------------------------------------------------+ 

